Using pre-set license
Built from '2020.3/china_unity/release' branch; Version is '2020.3.0f1c1 (1e553bf703d9) revision 1987899'; Using compiler version '192528614'; Build Type 'Release'
OS: 'Windows 10 Home China; OS build 22000.1335; Version 2009; 64bit' Language: 'zh' Physical Memory: 15789 MB
BatchMode: 1, IsHumanControllingUs: 0, StartBugReporterOnCrash: 0, Is64bit: 1, IsPro: 0

 COMMAND LINE ARGUMENTS:
F:\U3D\UN\2020.3.0f1c1\Editor\Unity.exe
-adb2
-batchMode
-noUpm
-name
AssetImportWorker0
-projectPath
D:/data/Project/MsTeachGame2/New Unity Project
-logFile
Logs/AssetImportWorker0.log
-srvPort
50879
Successfully changed project path to: D:/data/Project/MsTeachGame2/New Unity Project
D:/data/Project/MsTeachGame2/New Unity Project
Using Asset Import Pipeline V2.
Refreshing native plugins compatible for Editor in 50.12 ms, found 1 plugins.
Preloading 0 native plugins for Editor in 0.00 ms.
Initialize engine version: 2020.3.0f1c1 (1e553bf703d9)
[Subsystems] Discovering subsystems at path F:/U3D/UN/2020.3.0f1c1/Editor/Data/Resources/UnitySubsystems
[Subsystems] Discovering subsystems at path D:/data/Project/MsTeachGame2/New Unity Project/Assets
GfxDevice: creating device client; threaded=0
Direct3D:
    Version:  Direct3D 11.0 [level 11.1]
    Renderer: NVIDIA GeForce RTX 2060 (ID=0x1f15)
    Vendor:   
    VRAM:     5980 MB
    Driver:   31.0.15.1694
Initialize mono
Mono path[0] = 'F:/U3D/UN/2020.3.0f1c1/Editor/Data/Managed'
Mono path[1] = 'F:/U3D/UN/2020.3.0f1c1/Editor/Data/MonoBleedingEdge/lib/mono/unityjit'
Mono config path = 'F:/U3D/UN/2020.3.0f1c1/Editor/Data/MonoBleedingEdge/etc'
Using monoOptions --debugger-agent=transport=dt_socket,embedding=1,server=y,suspend=n,address=127.0.0.1:56984
Begin MonoManager ReloadAssembly
Registering precompiled unity dll's ...
Register platform support module: F:/U3D/UN/2020.3.0f1c1/Editor/Data/PlaybackEngines/WindowsStandaloneSupport/UnityEditor.WindowsStandalone.Extensions.dll
Registered in 0.001050 seconds.
Native extension for WindowsStandalone target not found
Refreshing native plugins compatible for Editor in 40.83 ms, found 1 plugins.
Preloading 0 native plugins for Editor in 0.00 ms.
Invoked RoslynAnalysisRunner static constructor.
RoslynAnalysisRunner will not be running.
RoslynAnalysisRunner has terminated.
Mono: successfully reloaded assembly
- Completed reload, in  0.788 seconds
Platform modules already initialized, skipping
Registering precompiled user dll's ...
Registered in 0.001287 seconds.
Begin MonoManager ReloadAssembly
Native extension for WindowsStandalone target not found
Refreshing native plugins compatible for Editor in 44.22 ms, found 1 plugins.
Preloading 0 native plugins for Editor in 0.00 ms.
Invoked RoslynAnalysisRunner static constructor.
RoslynAnalysisRunner will not be running.
RoslynAnalysisRunner has terminated.
Mono: successfully reloaded assembly
- Completed reload, in  0.916 seconds
Platform modules already initialized, skipping
========================================================================
Worker process is ready to serve import requests
Launched and connected shader compiler UnityShaderCompiler.exe after 0.06 seconds
Refreshing native plugins compatible for Editor in 0.42 ms, found 1 plugins.
Preloading 0 native plugins for Editor in 0.00 ms.
Unloading 2132 Unused Serialized files (Serialized files now loaded: 0)
System memory in use before: 105.8 MB.
System memory in use after: 105.9 MB.

Unloading 20 unused Assets to reduce memory usage. Loaded Objects now: 2585.
Total: 2.653900 ms (FindLiveObjects: 0.391500 ms CreateObjectMapping: 0.093100 ms MarkObjects: 2.081900 ms  DeleteObjects: 0.085000 ms)

========================================================================
Received Import Request.
  path: Assets/Scripts/PlayerHealth.cs
  artifactKey: Guid(2ff2e832a399aca49abe1bce7484b1c6) Importer(815301076,1909f56bfc062723c751e8b465ee728b)
Start importing Assets/Scripts/PlayerHealth.cs using Guid(2ff2e832a399aca49abe1bce7484b1c6) Importer(815301076,1909f56bfc062723c751e8b465ee728b)  -> (artifact id: 'd8b141c3fdae2e06e3c2b8571a02bbea') in 0.121663 seconds
  Import took 0.125201 seconds .

========================================================================
Received Import Request.
  Time since last request: 0.000311 seconds.
  path: Assets/Scripts/AudioManager.cs
  artifactKey: Guid(4bff7388b14d6e34e870db900bfd622f) Importer(815301076,1909f56bfc062723c751e8b465ee728b)
Start importing Assets/Scripts/AudioManager.cs using Guid(4bff7388b14d6e34e870db900bfd622f) Importer(815301076,1909f56bfc062723c751e8b465ee728b)  -> (artifact id: 'e7edf6605f857846bec389c27bc6d7a5') in 0.004146 seconds
  Import took 0.007171 seconds .

========================================================================
Received Import Request.
  Time since last request: 0.000319 seconds.
  path: Assets/Scripts/DeathPose.cs
  artifactKey: Guid(0b2c2a4251b1cec4c8fdd1e8b6269f40) Importer(815301076,1909f56bfc062723c751e8b465ee728b)
Start importing Assets/Scripts/DeathPose.cs using Guid(0b2c2a4251b1cec4c8fdd1e8b6269f40) Importer(815301076,1909f56bfc062723c751e8b465ee728b)  -> (artifact id: '927992b00faa3c3fbe416af95705673d') in 0.003023 seconds
  Import took 0.006441 seconds .

========================================================================
Received Import Request.
  Time since last request: 0.000218 seconds.
  path: Assets/Scripts/PlayerAnimation.cs
  artifactKey: Guid(41ad4a310eff93549b5254f840706c97) Importer(815301076,1909f56bfc062723c751e8b465ee728b)
Start importing Assets/Scripts/PlayerAnimation.cs using Guid(41ad4a310eff93549b5254f840706c97) Importer(815301076,1909f56bfc062723c751e8b465ee728b)  -> (artifact id: '1ceddfd9935163d1fd5b643cec901c5f') in 0.004044 seconds
  Import took 0.007600 seconds .

AssetImportWorkerClient::OnTransportError - code=2 error=End of file
